

Started GET "/" for 127.0.0.1 at Fri Mar 11 22:22:15 -0700 2011

ActionController::RoutingError (No route matches "/"):
  

Rendered /opt/local/lib/ruby/gems/1.8/gems/actionpack-3.0.5/lib/action_dispatch/middleware/templates/rescues/routing_error.erb within rescues/layout (1.2ms)


Started GET "/" for 127.0.0.1 at Fri Mar 11 22:26:14 -0700 2011
  Processing by HomeController#index as HTML
Rendered home/index.html.erb within layouts/application (1.8ms)
Completed 200 OK in 10ms (Views: 9.3ms | ActiveRecord: 0.0ms)


Started GET "/" for 127.0.0.1 at Fri Mar 11 22:26:36 -0700 2011
  Processing by HomeController#index as HTML
Rendered home/index.html.erb within layouts/application (1.8ms)
Completed 200 OK in 9ms (Views: 8.3ms | ActiveRecord: 0.0ms)


Started GET "/" for 127.0.0.1 at Fri Mar 11 22:46:51 -0700 2011
  Processing by HomeController#index as HTML
Rendered home/index.html.erb within layouts/application (2.1ms)
Completed 200 OK in 10ms (Views: 9.7ms | ActiveRecord: 0.0ms)
  [1m[36mSQL (34.9ms)[0m  [1m SELECT name
 FROM sqlite_master
 WHERE type = 'table' AND NOT name = 'sqlite_sequence'
[0m
  [1m[35mSQL (0.2ms)[0m  select sqlite_version(*)
  [1m[36mSQL (2.7ms)[0m  [1mCREATE TABLE "schema_migrations" ("version" varchar(255) NOT NULL) [0m
  [1m[35mSQL (0.1ms)[0m  PRAGMA index_list("schema_migrations")
  [1m[36mSQL (2.4ms)[0m  [1mCREATE UNIQUE INDEX "unique_schema_migrations" ON "schema_migrations" ("version")[0m
  [1m[35mSQL (0.4ms)[0m   SELECT name
 FROM sqlite_master
 WHERE type = 'table' AND NOT name = 'sqlite_sequence'
  [1m[36mSQL (0.2ms)[0m  [1m SELECT name
 FROM sqlite_master
 WHERE type = 'table' AND NOT name = 'sqlite_sequence'
[0m
  [1m[35mSQL (0.2ms)[0m  SELECT "schema_migrations"."version" FROM "schema_migrations"
Migrating to CreatePosts (20110312053336)
  [1m[36mSQL (0.7ms)[0m  [1m SELECT name
 FROM sqlite_master
 WHERE type = 'table' AND NOT name = 'sqlite_sequence'
[0m
  [1m[35mSQL (0.1ms)[0m   SELECT name
 FROM sqlite_master
 WHERE type = 'table' AND NOT name = 'sqlite_sequence'
  [1m[36mSQL (0.1ms)[0m  [1mSELECT "schema_migrations"."version" FROM "schema_migrations"[0m
Migrating to CreatePosts (20110312053336)
  [1m[35mSQL (0.1ms)[0m  select sqlite_version(*)
  [1m[36mSQL (0.6ms)[0m  [1mCREATE TABLE "posts" ("id" INTEGER PRIMARY KEY AUTOINCREMENT NOT NULL, "name" varchar(255), "title" varchar(255), "content" text, "created_at" datetime, "updated_at" datetime) [0m
  [1m[35mSQL (0.1ms)[0m  INSERT INTO "schema_migrations" ("version") VALUES ('20110312053336')
  [1m[36mSQL (0.4ms)[0m  [1m SELECT name
 FROM sqlite_master
 WHERE type = 'table' AND NOT name = 'sqlite_sequence'
[0m
  [1m[35mSQL (0.2ms)[0m  SELECT "schema_migrations"."version" FROM "schema_migrations"
  [1m[36mSQL (0.2ms)[0m  [1m SELECT name
 FROM sqlite_master
 WHERE type = 'table' AND NOT name = 'sqlite_sequence'
[0m
  [1m[35mSQL (0.0ms)[0m  PRAGMA index_list("posts")


Started GET "/" for 127.0.0.1 at Sat Mar 12 00:23:30 -0700 2011
  Processing by HomeController#index as HTML
Rendered home/index.html.erb within layouts/application (2.1ms)
Completed 200 OK in 10ms (Views: 10.1ms | ActiveRecord: 0.0ms)


Started GET "/" for 127.0.0.1 at Sat Mar 12 00:23:36 -0700 2011
  Processing by HomeController#index as HTML
Rendered home/index.html.erb within layouts/application (2.2ms)
Completed 200 OK in 9ms (Views: 9.1ms | ActiveRecord: 0.0ms)


Started GET "/" for 127.0.0.1 at Sat Mar 12 00:24:15 -0700 2011
  Processing by HomeController#index as HTML
Rendered home/index.html.erb within layouts/application (2.2ms)
Completed 200 OK in 9ms (Views: 8.8ms | ActiveRecord: 0.0ms)


Started GET "/posts" for 127.0.0.1 at Sat Mar 12 00:24:18 -0700 2011
  Processing by PostsController#index as HTML
  [1m[36mPost Load (1.0ms)[0m  [1mSELECT "posts".* FROM "posts"[0m
Rendered posts/index.html.erb within layouts/application (3.9ms)
Completed 200 OK in 83ms (Views: 15.1ms | ActiveRecord: 1.0ms)


Started GET "/posts/new" for 127.0.0.1 at Sat Mar 12 00:24:22 -0700 2011
  Processing by PostsController#new as HTML
Rendered posts/_form.html.erb (61.4ms)
Rendered posts/new.html.erb within layouts/application (132.8ms)
Completed 200 OK in 145ms (Views: 139.8ms | ActiveRecord: 0.0ms)


Started POST "/posts" for 127.0.0.1 at Sat Mar 12 00:24:38 -0700 2011
  Processing by PostsController#create as HTML
  Parameters: {"commit"=>"Create Post", "post"=>{"name"=>"Trey", "title"=>"Test", "content"=>"Hello World!"}, "authenticity_token"=>"eprfW2QsEhUKYCL4qCLbAX6FcUtbl0IDtkE0k5/BQx4=", "utf8"=>"✓"}
  [1m[35mSQL (0.2ms)[0m   SELECT name
 FROM sqlite_master
 WHERE type = 'table' AND NOT name = 'sqlite_sequence'
  [1m[36mAREL (0.5ms)[0m  [1mINSERT INTO "posts" ("name", "created_at", "content", "title", "updated_at") VALUES ('Trey', '2011-03-12 07:24:38.279335', 'Hello World!', 'Test', '2011-03-12 07:24:38.279335')[0m
Redirected to http://localhost:3000/posts/1
Completed 302 Found in 19ms


Started GET "/posts/1" for 127.0.0.1 at Sat Mar 12 00:24:38 -0700 2011
  Processing by PostsController#show as HTML
  Parameters: {"id"=>"1"}
  [1m[35mPost Load (0.2ms)[0m  SELECT "posts".* FROM "posts" WHERE "posts"."id" = 1 LIMIT 1
Rendered posts/show.html.erb within layouts/application (5.8ms)
Completed 200 OK in 18ms (Views: 12.4ms | ActiveRecord: 0.2ms)


Started GET "/posts" for 127.0.0.1 at Sat Mar 12 00:24:41 -0700 2011
  Processing by PostsController#index as HTML
  [1m[36mPost Load (0.4ms)[0m  [1mSELECT "posts".* FROM "posts"[0m
Rendered posts/index.html.erb within layouts/application (6.6ms)
Completed 200 OK in 17ms (Views: 12.6ms | ActiveRecord: 0.4ms)


Started GET "/posts" for 127.0.0.1 at Sat Mar 12 00:28:59 -0700 2011
  Processing by PostsController#index as HTML
Completed   in 6ms

ArgumentError (Unknown validator: 'lenght'):
  app/models/post.rb:3
  app/controllers/posts_controller.rb:5:in `index'

Rendered /opt/local/lib/ruby/gems/1.8/gems/actionpack-3.0.5/lib/action_dispatch/middleware/templates/rescues/_trace.erb (2.0ms)
Rendered /opt/local/lib/ruby/gems/1.8/gems/actionpack-3.0.5/lib/action_dispatch/middleware/templates/rescues/_request_and_response.erb (9.6ms)
Rendered /opt/local/lib/ruby/gems/1.8/gems/actionpack-3.0.5/lib/action_dispatch/middleware/templates/rescues/diagnostics.erb within rescues/layout (23.3ms)


Started GET "/posts" for 127.0.0.1 at Sat Mar 12 00:29:09 -0700 2011
  Processing by PostsController#index as HTML
  [1m[35mPost Load (0.5ms)[0m  SELECT "posts".* FROM "posts"
Rendered posts/index.html.erb within layouts/application (6.9ms)
Completed 200 OK in 19ms (Views: 13.2ms | ActiveRecord: 0.5ms)


Started GET "/posts/1/edit" for 127.0.0.1 at Sat Mar 12 00:29:13 -0700 2011
  Processing by PostsController#edit as HTML
  Parameters: {"id"=>"1"}
  [1m[36mPost Load (0.2ms)[0m  [1mSELECT "posts".* FROM "posts" WHERE "posts"."id" = 1 LIMIT 1[0m
Rendered posts/_form.html.erb (6.9ms)
Rendered posts/edit.html.erb within layouts/application (11.6ms)
Completed 200 OK in 35ms (Views: 28.5ms | ActiveRecord: 0.2ms)


Started POST "/posts/1" for 127.0.0.1 at Sat Mar 12 00:29:15 -0700 2011
  Processing by PostsController#update as HTML
  Parameters: {"commit"=>"Update Post", "post"=>{"name"=>"Trey", "title"=>"Test", "content"=>"Hello World!"}, "authenticity_token"=>"eprfW2QsEhUKYCL4qCLbAX6FcUtbl0IDtkE0k5/BQx4=", "utf8"=>"✓", "id"=>"1"}
  [1m[35mPost Load (0.2ms)[0m  SELECT "posts".* FROM "posts" WHERE "posts"."id" = 1 LIMIT 1
Rendered posts/_form.html.erb (4.5ms)
Rendered posts/edit.html.erb within layouts/application (8.7ms)
Completed 200 OK in 26ms (Views: 14.3ms | ActiveRecord: 0.2ms)


Started POST "/posts/1" for 127.0.0.1 at Sat Mar 12 00:29:22 -0700 2011
  Processing by PostsController#update as HTML
  Parameters: {"commit"=>"Update Post", "post"=>{"name"=>"Trey", "title"=>"Testing", "content"=>"Hello World!"}, "authenticity_token"=>"eprfW2QsEhUKYCL4qCLbAX6FcUtbl0IDtkE0k5/BQx4=", "utf8"=>"✓", "id"=>"1"}
  [1m[36mPost Load (0.2ms)[0m  [1mSELECT "posts".* FROM "posts" WHERE "posts"."id" = 1 LIMIT 1[0m
  [1m[35mAREL (0.4ms)[0m  UPDATE "posts" SET "updated_at" = '2011-03-12 07:29:22.184649', "title" = 'Testing' WHERE "posts"."id" = 1
Redirected to http://localhost:3000/posts/1
Completed 302 Found in 60ms


Started GET "/posts/1" for 127.0.0.1 at Sat Mar 12 00:29:22 -0700 2011
  Processing by PostsController#show as HTML
  Parameters: {"id"=>"1"}
  [1m[36mPost Load (0.2ms)[0m  [1mSELECT "posts".* FROM "posts" WHERE "posts"."id" = 1 LIMIT 1[0m
Rendered posts/show.html.erb within layouts/application (5.4ms)
Completed 200 OK in 18ms (Views: 11.4ms | ActiveRecord: 0.2ms)


Started GET "/posts/1" for 127.0.0.1 at Sat Mar 12 13:50:21 -0700 2011
  Processing by PostsController#show as HTML
  Parameters: {"id"=>"1"}
  [1m[35mPost Load (0.3ms)[0m  SELECT "posts".* FROM "posts" WHERE "posts"."id" = 1 LIMIT 1
Rendered posts/show.html.erb within layouts/application (6.9ms)
Completed 200 OK in 52ms (Views: 19.5ms | ActiveRecord: 0.3ms)


Started GET "/posts" for 127.0.0.1 at Sat Mar 12 13:50:24 -0700 2011
  Processing by PostsController#index as HTML
  [1m[36mPost Load (0.4ms)[0m  [1mSELECT "posts".* FROM "posts"[0m
Rendered posts/index.html.erb within layouts/application (6.6ms)
Completed 200 OK in 19ms (Views: 14.1ms | ActiveRecord: 0.4ms)


Started GET "/posts" for 127.0.0.1 at Sat Mar 12 13:50:25 -0700 2011
  Processing by PostsController#index as HTML
  [1m[35mPost Load (0.4ms)[0m  SELECT "posts".* FROM "posts"
Rendered posts/index.html.erb within layouts/application (6.7ms)
Completed 200 OK in 19ms (Views: 12.8ms | ActiveRecord: 0.4ms)


Started GET "/posts" for 127.0.0.1 at Sat Mar 12 13:50:34 -0700 2011
  Processing by PostsController#index as HTML
  [1m[36mPost Load (0.4ms)[0m  [1mSELECT "posts".* FROM "posts"[0m
Rendered posts/index.html.erb within layouts/application (6.6ms)
Completed 200 OK in 20ms (Views: 14.0ms | ActiveRecord: 0.4ms)
  [1m[36mSQL (0.8ms)[0m  [1m SELECT name
 FROM sqlite_master
 WHERE type = 'table' AND NOT name = 'sqlite_sequence'
[0m
  [1m[35mSQL (0.1ms)[0m   SELECT name
 FROM sqlite_master
 WHERE type = 'table' AND NOT name = 'sqlite_sequence'
  [1m[36mSQL (0.1ms)[0m  [1mSELECT "schema_migrations"."version" FROM "schema_migrations"[0m
Migrating to CreatePosts (20110312053336)
Migrating to CreateComments (20110312211943)
  [1m[35mSQL (0.1ms)[0m  select sqlite_version(*)
  [1m[36mSQL (0.6ms)[0m  [1mCREATE TABLE "comments" ("id" INTEGER PRIMARY KEY AUTOINCREMENT NOT NULL, "commenter" varchar(255), "body" text, "post_id" integer, "created_at" datetime, "updated_at" datetime) [0m
  [1m[35mSQL (0.1ms)[0m  INSERT INTO "schema_migrations" ("version") VALUES ('20110312211943')
  [1m[36mSQL (0.6ms)[0m  [1m SELECT name
 FROM sqlite_master
 WHERE type = 'table' AND NOT name = 'sqlite_sequence'
[0m
  [1m[35mSQL (0.2ms)[0m  SELECT "schema_migrations"."version" FROM "schema_migrations"
  [1m[36mSQL (0.3ms)[0m  [1m SELECT name
 FROM sqlite_master
 WHERE type = 'table' AND NOT name = 'sqlite_sequence'
[0m
  [1m[35mSQL (0.1ms)[0m  PRAGMA index_list("comments")
  [1m[36mSQL (0.1ms)[0m  [1mPRAGMA index_list("posts")[0m


Started GET "/posts" for 127.0.0.1 at Sat Mar 12 15:44:36 -0700 2011
  Processing by PostsController#index as HTML
  [1m[35mPost Load (0.7ms)[0m  SELECT "posts".* FROM "posts"
Rendered posts/index.html.erb within layouts/application (11.3ms)
Completed 200 OK in 107ms (Views: 56.0ms | ActiveRecord: 0.7ms)


Started GET "/posts/new" for 127.0.0.1 at Sat Mar 12 15:44:41 -0700 2011
  Processing by PostsController#new as HTML
Rendered posts/_form.html.erb (6.3ms)
Rendered posts/new.html.erb within layouts/application (11.1ms)
Completed 200 OK in 26ms (Views: 18.1ms | ActiveRecord: 0.0ms)


Started GET "/posts" for 127.0.0.1 at Sat Mar 12 15:45:00 -0700 2011
  Processing by PostsController#index as HTML
  [1m[36mPost Load (0.4ms)[0m  [1mSELECT "posts".* FROM "posts"[0m
Rendered posts/index.html.erb within layouts/application (13.5ms)
Completed 200 OK in 29ms (Views: 21.0ms | ActiveRecord: 0.4ms)


Started GET "/posts/new" for 127.0.0.1 at Sat Mar 12 15:45:02 -0700 2011
  Processing by PostsController#new as HTML
Completed 401 Unauthorized in 0ms


Started GET "/posts/new" for 127.0.0.1 at Sat Mar 12 15:45:08 -0700 2011
  Processing by PostsController#new as HTML
Completed 401 Unauthorized in 0ms


Started GET "/posts/new" for 127.0.0.1 at Sat Mar 12 15:45:17 -0700 2011
  Processing by PostsController#new as HTML
Completed 401 Unauthorized in 0ms


Started GET "/posts/1" for 127.0.0.1 at Sat Mar 12 15:45:24 -0700 2011
  Processing by PostsController#show as HTML
  Parameters: {"id"=>"1"}
  [1m[35mPost Load (0.2ms)[0m  SELECT "posts".* FROM "posts" WHERE "posts"."id" = 1 LIMIT 1
Rendered posts/show.html.erb within layouts/application (16.3ms)
Completed   in 31ms

ActionView::Template::Error (undefined method `comments' for nil:NilClass):
    16: </p>
    17: 
    18: <h2>Comments</h2>
    19: <% render @posts.comments %>
    20: 
    21: <h2>Add a comment:</h2>
    22: <% render "comments/form" %>
  app/views/posts/show.html.erb:19:in `_app_views_posts_show_html_erb___46918888_19270050_0'
  app/controllers/posts_controller.rb:20:in `show'

Rendered /opt/local/lib/ruby/gems/1.8/gems/actionpack-3.0.5/lib/action_dispatch/middleware/templates/rescues/_trace.erb (1.2ms)
Rendered /opt/local/lib/ruby/gems/1.8/gems/actionpack-3.0.5/lib/action_dispatch/middleware/templates/rescues/_request_and_response.erb (6.2ms)
Rendered /opt/local/lib/ruby/gems/1.8/gems/actionpack-3.0.5/lib/action_dispatch/middleware/templates/rescues/template_error.erb within rescues/layout (15.8ms)


Started GET "/posts" for 127.0.0.1 at Sat Mar 12 15:45:28 -0700 2011
  Processing by PostsController#index as HTML
  [1m[36mPost Load (0.4ms)[0m  [1mSELECT "posts".* FROM "posts"[0m
Rendered posts/index.html.erb within layouts/application (6.9ms)
Completed 200 OK in 21ms (Views: 13.0ms | ActiveRecord: 0.4ms)


Started GET "/posts/1" for 127.0.0.1 at Sat Mar 12 15:45:30 -0700 2011
  Processing by PostsController#show as HTML
  Parameters: {"id"=>"1"}
  [1m[35mPost Load (0.2ms)[0m  SELECT "posts".* FROM "posts" WHERE "posts"."id" = 1 LIMIT 1
Rendered posts/show.html.erb within layouts/application (3.5ms)
Completed   in 18ms

ActionView::Template::Error (undefined method `comments' for nil:NilClass):
    16: </p>
    17: 
    18: <h2>Comments</h2>
    19: <% render @posts.comments %>
    20: 
    21: <h2>Add a comment:</h2>
    22: <% render "comments/form" %>
  app/views/posts/show.html.erb:19:in `_app_views_posts_show_html_erb___46918888_19726820_0'
  app/controllers/posts_controller.rb:20:in `show'

Rendered /opt/local/lib/ruby/gems/1.8/gems/actionpack-3.0.5/lib/action_dispatch/middleware/templates/rescues/_trace.erb (1.2ms)
Rendered /opt/local/lib/ruby/gems/1.8/gems/actionpack-3.0.5/lib/action_dispatch/middleware/templates/rescues/_request_and_response.erb (5.8ms)
Rendered /opt/local/lib/ruby/gems/1.8/gems/actionpack-3.0.5/lib/action_dispatch/middleware/templates/rescues/template_error.erb within rescues/layout (12.9ms)


Started GET "/posts/1" for 127.0.0.1 at Sat Mar 12 15:46:24 -0700 2011
  Processing by PostsController#show as HTML
  Parameters: {"id"=>"1"}
  [1m[36mPost Load (0.2ms)[0m  [1mSELECT "posts".* FROM "posts" WHERE "posts"."id" = 1 LIMIT 1[0m
Rendered posts/show.html.erb within layouts/application (3.9ms)
Completed   in 19ms

ActionView::Template::Error (undefined method `comments' for nil:NilClass):
    16: </p>
    17: 
    18: <h2>Comments</h2>
    19: <%= render @posts.comments %>
    20: 
    21: <h2>Add a comment:</h2>
    22: <%= render "comments/form" %>
  app/views/posts/show.html.erb:19:in `_app_views_posts_show_html_erb___46918888_19174480_0'
  app/controllers/posts_controller.rb:20:in `show'

Rendered /opt/local/lib/ruby/gems/1.8/gems/actionpack-3.0.5/lib/action_dispatch/middleware/templates/rescues/_trace.erb (1.2ms)
Rendered /opt/local/lib/ruby/gems/1.8/gems/actionpack-3.0.5/lib/action_dispatch/middleware/templates/rescues/_request_and_response.erb (58.0ms)
Rendered /opt/local/lib/ruby/gems/1.8/gems/actionpack-3.0.5/lib/action_dispatch/middleware/templates/rescues/template_error.erb within rescues/layout (65.0ms)


Started GET "/posts/1" for 127.0.0.1 at Sat Mar 12 15:48:05 -0700 2011
  Processing by PostsController#show as HTML
  Parameters: {"id"=>"1"}
  [1m[35mPost Load (0.2ms)[0m  SELECT "posts".* FROM "posts" WHERE "posts"."id" = 1 LIMIT 1
  [1m[36mComment Load (0.3ms)[0m  [1mSELECT "comments".* FROM "comments" WHERE ("comments".post_id = 1)[0m
Rendered collection (0.0ms)
Rendered comments/_form.html.erb (8.0ms)
Rendered posts/show.html.erb within layouts/application (51.9ms)
Completed 200 OK in 68ms (Views: 58.6ms | ActiveRecord: 0.4ms)


Started POST "/posts/1/comments" for 127.0.0.1 at Sat Mar 12 15:48:13 -0700 2011
  Processing by CommentsController#create as HTML
  Parameters: {"comment"=>{"body"=>"hellow", "commenter"=>"trey"}, "commit"=>"Create Comment", "authenticity_token"=>"eprfW2QsEhUKYCL4qCLbAX6FcUtbl0IDtkE0k5/BQx4=", "utf8"=>"✓", "post_id"=>"1"}
  [1m[35mPost Load (0.2ms)[0m  SELECT "posts".* FROM "posts" WHERE "posts"."id" = 1 LIMIT 1
  [1m[36mSQL (0.2ms)[0m  [1m SELECT name
 FROM sqlite_master
 WHERE type = 'table' AND NOT name = 'sqlite_sequence'
[0m
  [1m[35mAREL (0.3ms)[0m  INSERT INTO "comments" ("post_id", "commenter", "body", "updated_at", "created_at") VALUES (1, 'trey', 'hellow', '2011-03-12 22:48:13.308192', '2011-03-12 22:48:13.308192')
Redirected to http://localhost:3000/posts/1
Completed 302 Found in 24ms


Started GET "/posts/1" for 127.0.0.1 at Sat Mar 12 15:48:13 -0700 2011
  Processing by PostsController#show as HTML
  Parameters: {"id"=>"1"}
  [1m[36mPost Load (0.2ms)[0m  [1mSELECT "posts".* FROM "posts" WHERE "posts"."id" = 1 LIMIT 1[0m
  [1m[35mComment Load (0.3ms)[0m  SELECT "comments".* FROM "comments" WHERE ("comments".post_id = 1)
  [1m[36mCACHE (0.0ms)[0m  [1mSELECT "posts".* FROM "posts" WHERE "posts"."id" = 1 LIMIT 1[0m
Rendered comments/_comment.html.erb (3.9ms)
Rendered comments/_form.html.erb (4.1ms)
Rendered posts/show.html.erb within layouts/application (81.7ms)
Completed 200 OK in 96ms (Views: 87.5ms | ActiveRecord: 0.4ms)


Started GET "/posts" for 127.0.0.1 at Sat Mar 12 15:48:18 -0700 2011
  Processing by PostsController#index as HTML
  [1m[35mPost Load (0.4ms)[0m  SELECT "posts".* FROM "posts"
Rendered posts/index.html.erb within layouts/application (6.7ms)
Completed 200 OK in 21ms (Views: 13.5ms | ActiveRecord: 0.4ms)


Started GET "/posts/1" for 127.0.0.1 at Sat Mar 12 15:48:20 -0700 2011
  Processing by PostsController#show as HTML
  Parameters: {"id"=>"1"}
  [1m[36mPost Load (0.2ms)[0m  [1mSELECT "posts".* FROM "posts" WHERE "posts"."id" = 1 LIMIT 1[0m
  [1m[35mComment Load (0.3ms)[0m  SELECT "comments".* FROM "comments" WHERE ("comments".post_id = 1)
  [1m[36mCACHE (0.0ms)[0m  [1mSELECT "posts".* FROM "posts" WHERE "posts"."id" = 1 LIMIT 1[0m
Rendered comments/_comment.html.erb (7.1ms)
Rendered comments/_form.html.erb (4.1ms)
Rendered posts/show.html.erb within layouts/application (78.0ms)
Completed 200 OK in 92ms (Views: 83.6ms | ActiveRecord: 0.4ms)


Started GET "/posts/1/edit" for 127.0.0.1 at Sat Mar 12 15:48:32 -0700 2011
  Processing by PostsController#edit as HTML
  Parameters: {"id"=>"1"}
Completed 401 Unauthorized in 0ms


Started GET "/posts/1/edit" for 127.0.0.1 at Sat Mar 12 15:48:38 -0700 2011
  Processing by PostsController#edit as HTML
  Parameters: {"id"=>"1"}
Completed 401 Unauthorized in 1ms


Started GET "/posts/1" for 127.0.0.1 at Sat Mar 12 15:49:47 -0700 2011
  Processing by PostsController#show as HTML
  Parameters: {"id"=>"1"}
  [1m[35mPost Load (0.2ms)[0m  SELECT "posts".* FROM "posts" WHERE "posts"."id" = 1 LIMIT 1
  [1m[36mComment Load (0.3ms)[0m  [1mSELECT "comments".* FROM "comments" WHERE ("comments".post_id = 1)[0m
  [1m[35mCACHE (0.0ms)[0m  SELECT "posts".* FROM "posts" WHERE "posts"."id" = 1 LIMIT 1
Rendered comments/_comment.html.erb (6.4ms)
Rendered comments/_form.html.erb (4.2ms)
Rendered posts/show.html.erb within layouts/application (26.2ms)
Completed 200 OK in 40ms (Views: 31.7ms | ActiveRecord: 0.4ms)


Started POST "/posts/1/comments/1" for 127.0.0.1 at Sat Mar 12 15:49:51 -0700 2011
  Processing by CommentsController#destroy as HTML
  Parameters: {"authenticity_token"=>"eprfW2QsEhUKYCL4qCLbAX6FcUtbl0IDtkE0k5/BQx4=", "post_id"=>"1", "id"=>"1"}
Completed 401 Unauthorized in 0ms


Started POST "/posts/1/comments/1" for 127.0.0.1 at Sat Mar 12 15:49:56 -0700 2011
  Processing by CommentsController#destroy as HTML
  Parameters: {"authenticity_token"=>"eprfW2QsEhUKYCL4qCLbAX6FcUtbl0IDtkE0k5/BQx4=", "post_id"=>"1", "id"=>"1"}
Completed 401 Unauthorized in 0ms


Started POST "/posts/1/comments/1" for 127.0.0.1 at Sat Mar 12 15:50:05 -0700 2011
  Processing by CommentsController#destroy as HTML
  Parameters: {"authenticity_token"=>"eprfW2QsEhUKYCL4qCLbAX6FcUtbl0IDtkE0k5/BQx4=", "post_id"=>"1", "id"=>"1"}
Completed 401 Unauthorized in 0ms


Started GET "/" for 127.0.0.1 at Sat Mar 12 15:50:47 -0700 2011
  Processing by HomeController#index as HTML
Rendered home/index.html.erb within layouts/application (2.3ms)
Completed 200 OK in 15ms (Views: 14.9ms | ActiveRecord: 0.0ms)


Started GET "/posts" for 127.0.0.1 at Sat Mar 12 15:50:51 -0700 2011
  Processing by PostsController#index as HTML
  [1m[36mPost Load (0.6ms)[0m  [1mSELECT "posts".* FROM "posts"[0m
Rendered posts/index.html.erb within layouts/application (10.5ms)
Completed 200 OK in 32ms (Views: 20.2ms | ActiveRecord: 0.6ms)


Started GET "/posts/1" for 127.0.0.1 at Sat Mar 12 15:50:56 -0700 2011
  Processing by PostsController#show as HTML
  Parameters: {"id"=>"1"}
  [1m[35mPost Load (0.2ms)[0m  SELECT "posts".* FROM "posts" WHERE "posts"."id" = 1 LIMIT 1
  [1m[36mComment Load (0.3ms)[0m  [1mSELECT "comments".* FROM "comments" WHERE ("comments".post_id = 1)[0m
  [1m[35mCACHE (0.0ms)[0m  SELECT "posts".* FROM "posts" WHERE "posts"."id" = 1 LIMIT 1
Rendered comments/_comment.html.erb (6.8ms)
Rendered comments/_form.html.erb (4.0ms)
Rendered posts/show.html.erb within layouts/application (27.3ms)
Completed 200 OK in 92ms (Views: 83.6ms | ActiveRecord: 0.4ms)


Started POST "/posts/1/comments/1" for 127.0.0.1 at Sat Mar 12 15:50:59 -0700 2011
  Processing by CommentsController#destroy as HTML
  Parameters: {"authenticity_token"=>"L735jRe0rvSMgXPsoNSfwrYqJUQLfkdrEbldsoQAM+E=", "post_id"=>"1", "id"=>"1"}
Completed 401 Unauthorized in 0ms


Started POST "/posts/1/comments/1" for 127.0.0.1 at Sat Mar 12 15:51:04 -0700 2011
  Processing by CommentsController#destroy as HTML
  Parameters: {"authenticity_token"=>"L735jRe0rvSMgXPsoNSfwrYqJUQLfkdrEbldsoQAM+E=", "post_id"=>"1", "id"=>"1"}
Completed 401 Unauthorized in 0ms


Started POST "/posts/1/comments/1" for 127.0.0.1 at Sat Mar 12 15:51:12 -0700 2011
  Processing by CommentsController#destroy as HTML
  Parameters: {"authenticity_token"=>"L735jRe0rvSMgXPsoNSfwrYqJUQLfkdrEbldsoQAM+E=", "post_id"=>"1", "id"=>"1"}
Completed 401 Unauthorized in 0ms


Started POST "/posts/1/comments/1" for 127.0.0.1 at Sat Mar 12 15:51:54 -0700 2011
  Processing by CommentsController#destroy as HTML
  Parameters: {"authenticity_token"=>"L735jRe0rvSMgXPsoNSfwrYqJUQLfkdrEbldsoQAM+E=", "post_id"=>"1", "id"=>"1"}
  [1m[36mPost Load (0.2ms)[0m  [1mSELECT "posts".* FROM "posts" WHERE "posts"."id" = 1 LIMIT 1[0m
  [1m[35mSQL (0.3ms)[0m   SELECT name
 FROM sqlite_master
 WHERE type = 'table' AND NOT name = 'sqlite_sequence'
  [1m[36mComment Load (0.2ms)[0m  [1mSELECT "comments".* FROM "comments" WHERE "comments"."id" = 1 AND ("comments".post_id = 1) LIMIT 1[0m
  [1m[35mAREL (24.2ms)[0m  DELETE FROM "comments" WHERE "comments"."id" = 1
Redirected to http://localhost:3000/posts/1
Completed 302 Found in 77ms


Started GET "/posts/1" for 127.0.0.1 at Sat Mar 12 15:51:54 -0700 2011
  Processing by PostsController#show as HTML
  Parameters: {"id"=>"1"}
  [1m[36mPost Load (0.2ms)[0m  [1mSELECT "posts".* FROM "posts" WHERE "posts"."id" = 1 LIMIT 1[0m
  [1m[35mComment Load (0.3ms)[0m  SELECT "comments".* FROM "comments" WHERE ("comments".post_id = 1)
Rendered collection (0.0ms)
Rendered comments/_form.html.erb (8.9ms)
Rendered posts/show.html.erb within layouts/application (36.9ms)
Completed 200 OK in 57ms (Views: 45.1ms | ActiveRecord: 25.5ms)


Started GET "/posts" for 127.0.0.1 at Sat Mar 12 15:51:59 -0700 2011
  Processing by PostsController#index as HTML
  [1m[36mPost Load (0.4ms)[0m  [1mSELECT "posts".* FROM "posts"[0m
Rendered posts/index.html.erb within layouts/application (6.5ms)
Completed 200 OK in 20ms (Views: 12.3ms | ActiveRecord: 0.4ms)


Started GET "/posts/new" for 127.0.0.1 at Sat Mar 12 15:52:01 -0700 2011
  Processing by PostsController#new as HTML
Completed 401 Unauthorized in 0ms


Started GET "/posts/new" for 127.0.0.1 at Sat Mar 12 15:52:01 -0700 2011
  Processing by PostsController#new as HTML
Rendered posts/_form.html.erb (6.0ms)
Rendered posts/new.html.erb within layouts/application (10.0ms)
Completed 200 OK in 25ms (Views: 16.6ms | ActiveRecord: 0.0ms)


Started POST "/posts" for 127.0.0.1 at Sat Mar 12 15:52:12 -0700 2011
  Processing by PostsController#create as HTML
  Parameters: {"commit"=>"Create Post", "post"=>{"name"=>"Trey", "title"=>"this is a test", "content"=>"hello world for two"}, "authenticity_token"=>"L735jRe0rvSMgXPsoNSfwrYqJUQLfkdrEbldsoQAM+E=", "utf8"=>"✓"}
Completed 401 Unauthorized in 0ms


Started POST "/posts" for 127.0.0.1 at Sat Mar 12 15:52:12 -0700 2011
  Processing by PostsController#create as HTML
  Parameters: {"commit"=>"Create Post", "post"=>{"name"=>"Trey", "title"=>"this is a test", "content"=>"hello world for two"}, "authenticity_token"=>"L735jRe0rvSMgXPsoNSfwrYqJUQLfkdrEbldsoQAM+E=", "utf8"=>"✓"}
  [1m[35mAREL (0.4ms)[0m  INSERT INTO "posts" ("created_at", "title", "name", "updated_at", "content") VALUES ('2011-03-12 22:52:12.667276', 'this is a test', 'Trey', '2011-03-12 22:52:12.667276', 'hello world for two')
Redirected to http://localhost:3000/posts/2
Completed 302 Found in 15ms


Started GET "/posts/2" for 127.0.0.1 at Sat Mar 12 15:52:12 -0700 2011
  Processing by PostsController#show as HTML
  Parameters: {"id"=>"2"}
  [1m[36mPost Load (0.2ms)[0m  [1mSELECT "posts".* FROM "posts" WHERE "posts"."id" = 2 LIMIT 1[0m
  [1m[35mComment Load (0.2ms)[0m  SELECT "comments".* FROM "comments" WHERE ("comments".post_id = 2)
Rendered collection (0.0ms)
Rendered comments/_form.html.erb (7.2ms)
Rendered posts/show.html.erb within layouts/application (21.7ms)
Completed 200 OK in 36ms (Views: 27.5ms | ActiveRecord: 0.4ms)


Started GET "/posts" for 127.0.0.1 at Sat Mar 12 15:52:19 -0700 2011
  Processing by PostsController#index as HTML
  [1m[36mPost Load (0.4ms)[0m  [1mSELECT "posts".* FROM "posts"[0m
Rendered posts/index.html.erb within layouts/application (7.7ms)
Completed 200 OK in 21ms (Views: 13.5ms | ActiveRecord: 0.4ms)
  [1m[36mSQL (0.8ms)[0m  [1m SELECT name
 FROM sqlite_master
 WHERE type = 'table' AND NOT name = 'sqlite_sequence'
[0m
  [1m[35mSQL (0.1ms)[0m   SELECT name
 FROM sqlite_master
 WHERE type = 'table' AND NOT name = 'sqlite_sequence'
  [1m[36mSQL (0.1ms)[0m  [1mSELECT "schema_migrations"."version" FROM "schema_migrations"[0m
Migrating to CreatePosts (20110312053336)
Migrating to CreateComments (20110312211943)
Migrating to CreateTags (20110312225931)
  [1m[35mSQL (0.1ms)[0m  select sqlite_version(*)
  [1m[36mSQL (0.6ms)[0m  [1mCREATE TABLE "tags" ("id" INTEGER PRIMARY KEY AUTOINCREMENT NOT NULL, "name" varchar(255), "post_id" integer, "created_at" datetime, "updated_at" datetime) [0m
  [1m[35mSQL (0.1ms)[0m  INSERT INTO "schema_migrations" ("version") VALUES ('20110312225931')
  [1m[36mSQL (0.2ms)[0m  [1m SELECT name
 FROM sqlite_master
 WHERE type = 'table' AND NOT name = 'sqlite_sequence'
[0m
  [1m[35mSQL (0.1ms)[0m  SELECT "schema_migrations"."version" FROM "schema_migrations"
  [1m[36mSQL (0.1ms)[0m  [1m SELECT name
 FROM sqlite_master
 WHERE type = 'table' AND NOT name = 'sqlite_sequence'
[0m
  [1m[35mSQL (0.1ms)[0m  PRAGMA index_list("comments")
  [1m[36mSQL (0.0ms)[0m  [1mPRAGMA index_list("posts")[0m
  [1m[35mSQL (0.0ms)[0m  PRAGMA index_list("tags")


Started GET "/posts" for 127.0.0.1 at Sat Mar 12 16:08:00 -0700 2011
  Processing by PostsController#index as HTML
  [1m[35mPost Load (0.5ms)[0m  SELECT "posts".* FROM "posts"
Rendered posts/index.html.erb within layouts/application (7.9ms)
Completed 200 OK in 25ms (Views: 15.7ms | ActiveRecord: 0.5ms)


Started GET "/posts/new" for 127.0.0.1 at Sat Mar 12 16:08:07 -0700 2011
  Processing by PostsController#new as HTML
Rendered posts/_form.html.erb (33.9ms)
Rendered posts/new.html.erb within layouts/application (43.7ms)
Completed   in 76ms

ActionView::Template::Error (undefined local variable or method `post_formm' for #<#<Class:0x2628e94>:0x2628048>):
    25:     <%= f.text_field :content %>
    26:   </div>
    27:   <h2>Tags</h2>
    28:   <%= render :partial => 'tags/form', :locals => {:form => post_formm} %>
    29:   
    30:   <div class="actions">
    31:     <%= f.submit %>
  app/views/posts/_form.html.erb:28:in `_app_views_posts__form_html_erb__30163306_19998170_439216'
  app/views/posts/_form.html.erb:2:in `_app_views_posts__form_html_erb__30163306_19998170_439216'
  app/views/posts/new.html.erb:3:in `_app_views_posts_new_html_erb___912581848_20003100_0'
  app/controllers/posts_controller.rb:31:in `new'

Rendered /opt/local/lib/ruby/gems/1.8/gems/actionpack-3.0.5/lib/action_dispatch/middleware/templates/rescues/_trace.erb (1.4ms)
Rendered /opt/local/lib/ruby/gems/1.8/gems/actionpack-3.0.5/lib/action_dispatch/middleware/templates/rescues/_request_and_response.erb (5.5ms)
Rendered /opt/local/lib/ruby/gems/1.8/gems/actionpack-3.0.5/lib/action_dispatch/middleware/templates/rescues/template_error.erb within rescues/layout (63.2ms)


Started GET "/posts/new" for 127.0.0.1 at Sat Mar 12 16:08:39 -0700 2011
  Processing by PostsController#new as HTML
Rendered posts/_form.html.erb (22.2ms)
Rendered posts/new.html.erb within layouts/application (30.5ms)
Completed   in 52ms

ActionView::Template::Error (undefined local variable or method `post_form' for #<#<Class:0x2606358>:0x2604b98>):
    25:     <%= f.text_field :content %>
    26:   </div>
    27:   <h2>Tags</h2>
    28:   <%= render :partial => 'tags/form', :locals => {:form => post_form} %>
    29:   <div class="actions">
    30:     <%= f.submit %>
    31:   </div>
  app/views/posts/_form.html.erb:28:in `_app_views_posts__form_html_erb__30163306_19899420_439216'
  app/views/posts/_form.html.erb:2:in `_app_views_posts__form_html_erb__30163306_19899420_439216'
  app/views/posts/new.html.erb:3:in `_app_views_posts_new_html_erb___912581848_19924720_0'
  app/controllers/posts_controller.rb:31:in `new'

Rendered /opt/local/lib/ruby/gems/1.8/gems/actionpack-3.0.5/lib/action_dispatch/middleware/templates/rescues/_trace.erb (1.3ms)
Rendered /opt/local/lib/ruby/gems/1.8/gems/actionpack-3.0.5/lib/action_dispatch/middleware/templates/rescues/_request_and_response.erb (5.5ms)
Rendered /opt/local/lib/ruby/gems/1.8/gems/actionpack-3.0.5/lib/action_dispatch/middleware/templates/rescues/template_error.erb within rescues/layout (61.8ms)


Started GET "/posts/new" for 127.0.0.1 at Sat Mar 12 16:18:46 -0700 2011
  Processing by PostsController#new as HTML
Rendered posts/_form.html.erb (23.9ms)
Rendered posts/new.html.erb within layouts/application (33.3ms)
Completed   in 66ms

ActionView::Template::Error (undefined local variable or method `post_form' for #<#<Class:0x260483c>:0x26014ac>):
    25:     <%= f.text_field :content %>
    26:   </div>
    27:   <h2>Tags</h2>
    28:   <%= render :partial => 'tags/form', :locals => {:form => post_form} %>
    29:   <div class="actions">
    30:     <%= f.submit %>
    31:   </div>
  app/views/posts/_form.html.erb:28:in `_app_views_posts__form_html_erb__30163306_19905110_439216'
  app/views/posts/_form.html.erb:2:in `_app_views_posts__form_html_erb__30163306_19905110_439216'
  app/views/posts/new.html.erb:3:in `_app_views_posts_new_html_erb___912581848_19921250_0'
  app/controllers/posts_controller.rb:31:in `new'

Rendered /opt/local/lib/ruby/gems/1.8/gems/actionpack-3.0.5/lib/action_dispatch/middleware/templates/rescues/_trace.erb (1.4ms)
Rendered /opt/local/lib/ruby/gems/1.8/gems/actionpack-3.0.5/lib/action_dispatch/middleware/templates/rescues/_request_and_response.erb (5.3ms)
Rendered /opt/local/lib/ruby/gems/1.8/gems/actionpack-3.0.5/lib/action_dispatch/middleware/templates/rescues/template_error.erb within rescues/layout (61.4ms)


Started GET "/posts" for 127.0.0.1 at Sat Mar 12 16:18:48 -0700 2011
  Processing by PostsController#index as HTML
  [1m[36mPost Load (0.5ms)[0m  [1mSELECT "posts".* FROM "posts"[0m
Rendered posts/index.html.erb within layouts/application (8.2ms)
Completed 200 OK in 26ms (Views: 15.3ms | ActiveRecord: 0.5ms)


Started GET "/posts/new" for 127.0.0.1 at Sat Mar 12 16:18:51 -0700 2011
  Processing by PostsController#new as HTML
Rendered posts/_form.html.erb (21.6ms)
Rendered posts/new.html.erb within layouts/application (29.4ms)
Completed   in 50ms

ActionView::Template::Error (undefined local variable or method `post_form' for #<#<Class:0x253f7f8>:0x253e984>):
    25:     <%= f.text_field :content %>
    26:   </div>
    27:   <h2>Tags</h2>
    28:   <%= render :partial => 'tags/form', :locals => {:form => post_form} %>
    29:   <div class="actions">
    30:     <%= f.submit %>
    31:   </div>
  app/views/posts/_form.html.erb:28:in `_app_views_posts__form_html_erb__30163306_19519910_439216'
  app/views/posts/_form.html.erb:2:in `_app_views_posts__form_html_erb__30163306_19519910_439216'
  app/views/posts/new.html.erb:3:in `_app_views_posts_new_html_erb___912581848_19525020_0'
  app/controllers/posts_controller.rb:31:in `new'

Rendered /opt/local/lib/ruby/gems/1.8/gems/actionpack-3.0.5/lib/action_dispatch/middleware/templates/rescues/_trace.erb (1.4ms)
Rendered /opt/local/lib/ruby/gems/1.8/gems/actionpack-3.0.5/lib/action_dispatch/middleware/templates/rescues/_request_and_response.erb (5.5ms)
Rendered /opt/local/lib/ruby/gems/1.8/gems/actionpack-3.0.5/lib/action_dispatch/middleware/templates/rescues/template_error.erb within rescues/layout (19.6ms)


Started GET "/posts/new" for 127.0.0.1 at Sat Mar 12 16:22:06 -0700 2011
  Processing by PostsController#new as HTML
Rendered tags/_form.html.erb (1.1ms)
Rendered posts/_form.html.erb (18.6ms)
Rendered posts/new.html.erb within layouts/application (22.8ms)
Completed 200 OK in 38ms (Views: 29.3ms | ActiveRecord: 0.0ms)


Started POST "/posts" for 127.0.0.1 at Sat Mar 12 16:22:32 -0700 2011
  Processing by PostsController#create as HTML
  Parameters: {"commit"=>"Create Post", "post"=>{"name"=>"Trey", "tags_attributes"=>{"0"=>{"name"=>"tag1, tag2"}}, "title"=>"this is a test for tags", "content"=>"hello tags, i will tag you tag"}, "authenticity_token"=>"L735jRe0rvSMgXPsoNSfwrYqJUQLfkdrEbldsoQAM+E=", "utf8"=>"✓"}
  [1m[35mAREL (0.4ms)[0m  INSERT INTO "posts" ("created_at", "title", "content", "updated_at", "name") VALUES ('2011-03-12 23:22:32.121284', 'this is a test for tags', 'hello tags, i will tag you tag', '2011-03-12 23:22:32.121284', 'Trey')
  [1m[36mSQL (0.1ms)[0m  [1m SELECT name
 FROM sqlite_master
 WHERE type = 'table' AND NOT name = 'sqlite_sequence'
[0m
  [1m[35mAREL (0.1ms)[0m  INSERT INTO "tags" ("created_at", "post_id", "name", "updated_at") VALUES ('2011-03-12 23:22:32.123141', 3, 'tag1, tag2', '2011-03-12 23:22:32.123141')
Redirected to http://localhost:3000/posts/3
Completed 302 Found in 28ms


Started GET "/posts/3" for 127.0.0.1 at Sat Mar 12 16:22:32 -0700 2011
  Processing by PostsController#show as HTML
  Parameters: {"id"=>"3"}
  [1m[36mPost Load (0.2ms)[0m  [1mSELECT "posts".* FROM "posts" WHERE "posts"."id" = 3 LIMIT 1[0m
Rendered posts/show.html.erb within layouts/application (11.2ms)
Completed   in 35ms

ActionView::Template::Error (undefined local variable or method `post' for #<#<Class:0x25b48a0>:0x25b3a40>):
    17: 
    18: <p>
    19: 	<b>Tags:<\b>
    20: 	<%= post.tags.map { |t| t.name }.join(", ") %>
    21: </p>
    22: 
    23: <h2>Comments</h2>
  app/views/posts/show.html.erb:20:in `_app_views_posts_show_html_erb___46918888_19764460_0'
  app/controllers/posts_controller.rb:20:in `show'

Rendered /opt/local/lib/ruby/gems/1.8/gems/actionpack-3.0.5/lib/action_dispatch/middleware/templates/rescues/_trace.erb (1.2ms)
Rendered /opt/local/lib/ruby/gems/1.8/gems/actionpack-3.0.5/lib/action_dispatch/middleware/templates/rescues/_request_and_response.erb (50.6ms)
Rendered /opt/local/lib/ruby/gems/1.8/gems/actionpack-3.0.5/lib/action_dispatch/middleware/templates/rescues/template_error.erb within rescues/layout (66.3ms)


Started GET "/posts/new" for 127.0.0.1 at Sat Mar 12 16:22:36 -0700 2011
  Processing by PostsController#new as HTML
Rendered tags/_form.html.erb (1.0ms)
Rendered posts/_form.html.erb (18.2ms)
Rendered posts/new.html.erb within layouts/application (21.8ms)
Completed 200 OK in 38ms (Views: 27.8ms | ActiveRecord: 0.0ms)


Started POST "/posts" for 127.0.0.1 at Sat Mar 12 16:22:41 -0700 2011
  Processing by PostsController#create as HTML
  Parameters: {"commit"=>"Create Post", "post"=>{"name"=>"Trey", "tags_attributes"=>{"0"=>{"name"=>"tag1"}}, "title"=>"this is a test for tags", "content"=>"hello tags, i will tag you tag"}, "authenticity_token"=>"L735jRe0rvSMgXPsoNSfwrYqJUQLfkdrEbldsoQAM+E=", "utf8"=>"✓"}
  [1m[35mAREL (0.6ms)[0m  INSERT INTO "posts" ("content", "updated_at", "title", "name", "created_at") VALUES ('hello tags, i will tag you tag', '2011-03-12 23:22:41.662558', 'this is a test for tags', 'Trey', '2011-03-12 23:22:41.662558')
  [1m[36mSQL (0.2ms)[0m  [1m SELECT name
 FROM sqlite_master
 WHERE type = 'table' AND NOT name = 'sqlite_sequence'
[0m
  [1m[35mAREL (0.2ms)[0m  INSERT INTO "tags" ("name", "updated_at", "created_at", "post_id") VALUES ('tag1', '2011-03-12 23:22:41.665451', '2011-03-12 23:22:41.665451', 4)
Redirected to http://localhost:3000/posts/4
Completed 302 Found in 43ms


Started GET "/posts/4" for 127.0.0.1 at Sat Mar 12 16:22:41 -0700 2011
  Processing by PostsController#show as HTML
  Parameters: {"id"=>"4"}
  [1m[36mPost Load (0.2ms)[0m  [1mSELECT "posts".* FROM "posts" WHERE "posts"."id" = 4 LIMIT 1[0m
Rendered posts/show.html.erb within layouts/application (11.7ms)
Completed   in 86ms

ActionView::Template::Error (undefined local variable or method `post' for #<#<Class:0x248b17c>:0x248a31c>):
    17: 
    18: <p>
    19: 	<b>Tags:<\b>
    20: 	<%= post.tags.map { |t| t.name }.join(", ") %>
    21: </p>
    22: 
    23: <h2>Comments</h2>
  app/views/posts/show.html.erb:20:in `_app_views_posts_show_html_erb___46918888_19155590_0'
  app/controllers/posts_controller.rb:20:in `show'

Rendered /opt/local/lib/ruby/gems/1.8/gems/actionpack-3.0.5/lib/action_dispatch/middleware/templates/rescues/_trace.erb (1.3ms)
Rendered /opt/local/lib/ruby/gems/1.8/gems/actionpack-3.0.5/lib/action_dispatch/middleware/templates/rescues/_request_and_response.erb (6.3ms)
Rendered /opt/local/lib/ruby/gems/1.8/gems/actionpack-3.0.5/lib/action_dispatch/middleware/templates/rescues/template_error.erb within rescues/layout (21.3ms)


Started GET "/posts/4" for 127.0.0.1 at Sat Mar 12 16:23:15 -0700 2011
  Processing by PostsController#show as HTML
  Parameters: {"id"=>"4"}
  [1m[35mPost Load (0.2ms)[0m  SELECT "posts".* FROM "posts" WHERE "posts"."id" = 4 LIMIT 1
  [1m[36mTag Load (0.2ms)[0m  [1mSELECT "tags".* FROM "tags" WHERE ("tags".post_id = 4)[0m
  [1m[35mComment Load (0.2ms)[0m  SELECT "comments".* FROM "comments" WHERE ("comments".post_id = 4)
Rendered collection (0.0ms)
Rendered comments/_form.html.erb (6.9ms)
Rendered posts/show.html.erb within layouts/application (30.7ms)
Completed 200 OK in 47ms (Views: 36.7ms | ActiveRecord: 0.6ms)


Started GET "/posts/4" for 127.0.0.1 at Sat Mar 12 16:23:41 -0700 2011
  Processing by PostsController#show as HTML
  Parameters: {"id"=>"4"}
  [1m[36mPost Load (0.2ms)[0m  [1mSELECT "posts".* FROM "posts" WHERE "posts"."id" = 4 LIMIT 1[0m
  [1m[35mTag Load (0.3ms)[0m  SELECT "tags".* FROM "tags" WHERE ("tags".post_id = 4)
  [1m[36mComment Load (0.2ms)[0m  [1mSELECT "comments".* FROM "comments" WHERE ("comments".post_id = 4)[0m
Rendered collection (0.0ms)
Rendered comments/_form.html.erb (7.6ms)
Rendered posts/show.html.erb within layouts/application (33.6ms)
Completed 200 OK in 52ms (Views: 39.7ms | ActiveRecord: 0.7ms)


Started GET "/posts" for 127.0.0.1 at Sat Mar 12 16:23:47 -0700 2011
  Processing by PostsController#index as HTML
  [1m[35mPost Load (0.5ms)[0m  SELECT "posts".* FROM "posts"
Rendered posts/index.html.erb within layouts/application (11.2ms)
Completed 200 OK in 73ms (Views: 63.3ms | ActiveRecord: 0.5ms)


Started GET "/posts/3" for 127.0.0.1 at Sat Mar 12 16:23:51 -0700 2011
  Processing by PostsController#show as HTML
  Parameters: {"id"=>"3"}
  [1m[36mPost Load (0.2ms)[0m  [1mSELECT "posts".* FROM "posts" WHERE "posts"."id" = 3 LIMIT 1[0m
  [1m[35mTag Load (0.3ms)[0m  SELECT "tags".* FROM "tags" WHERE ("tags".post_id = 3)
  [1m[36mComment Load (0.2ms)[0m  [1mSELECT "comments".* FROM "comments" WHERE ("comments".post_id = 3)[0m
Rendered collection (0.0ms)
Rendered comments/_form.html.erb (6.9ms)
Rendered posts/show.html.erb within layouts/application (31.2ms)
Completed 200 OK in 48ms (Views: 36.7ms | ActiveRecord: 0.6ms)


Started GET "/posts" for 127.0.0.1 at Sat Mar 12 16:23:56 -0700 2011
  Processing by PostsController#index as HTML
  [1m[35mPost Load (0.5ms)[0m  SELECT "posts".* FROM "posts"
Rendered posts/index.html.erb within layouts/application (9.8ms)
Completed 200 OK in 25ms (Views: 15.6ms | ActiveRecord: 0.5ms)


Started POST "/posts/4" for 127.0.0.1 at Sat Mar 12 16:24:00 -0700 2011
  Processing by PostsController#destroy as HTML
  Parameters: {"authenticity_token"=>"L735jRe0rvSMgXPsoNSfwrYqJUQLfkdrEbldsoQAM+E=", "id"=>"4"}
  [1m[36mPost Load (0.2ms)[0m  [1mSELECT "posts".* FROM "posts" WHERE "posts"."id" = 4 LIMIT 1[0m
  [1m[35mComment Load (0.2ms)[0m  SELECT "comments".* FROM "comments" WHERE ("comments".post_id = 4)
  [1m[36mAREL (0.3ms)[0m  [1mDELETE FROM "posts" WHERE "posts"."id" = 4[0m
Redirected to http://localhost:3000/posts
Completed 302 Found in 53ms


Started GET "/posts" for 127.0.0.1 at Sat Mar 12 16:24:00 -0700 2011
  Processing by PostsController#index as HTML
  [1m[35mPost Load (0.5ms)[0m  SELECT "posts".* FROM "posts"
Rendered posts/index.html.erb within layouts/application (9.5ms)
Completed 200 OK in 26ms (Views: 15.7ms | ActiveRecord: 0.5ms)


Started POST "/posts/1" for 127.0.0.1 at Sat Mar 12 16:24:06 -0700 2011
  Processing by PostsController#destroy as HTML
  Parameters: {"authenticity_token"=>"L735jRe0rvSMgXPsoNSfwrYqJUQLfkdrEbldsoQAM+E=", "id"=>"1"}
  [1m[36mPost Load (0.2ms)[0m  [1mSELECT "posts".* FROM "posts" WHERE "posts"."id" = 1 LIMIT 1[0m
  [1m[35mComment Load (0.2ms)[0m  SELECT "comments".* FROM "comments" WHERE ("comments".post_id = 1)
  [1m[36mAREL (0.3ms)[0m  [1mDELETE FROM "posts" WHERE "posts"."id" = 1[0m
Redirected to http://localhost:3000/posts
Completed 302 Found in 44ms


Started GET "/posts" for 127.0.0.1 at Sat Mar 12 16:24:06 -0700 2011
  Processing by PostsController#index as HTML
  [1m[35mPost Load (0.6ms)[0m  SELECT "posts".* FROM "posts"
Rendered posts/index.html.erb within layouts/application (8.1ms)
Completed 200 OK in 23ms (Views: 14.1ms | ActiveRecord: 0.6ms)


Started POST "/posts/2" for 127.0.0.1 at Sat Mar 12 16:24:08 -0700 2011
  Processing by PostsController#destroy as HTML
  Parameters: {"authenticity_token"=>"L735jRe0rvSMgXPsoNSfwrYqJUQLfkdrEbldsoQAM+E=", "id"=>"2"}
  [1m[36mPost Load (0.2ms)[0m  [1mSELECT "posts".* FROM "posts" WHERE "posts"."id" = 2 LIMIT 1[0m
  [1m[35mComment Load (0.2ms)[0m  SELECT "comments".* FROM "comments" WHERE ("comments".post_id = 2)
  [1m[36mAREL (0.3ms)[0m  [1mDELETE FROM "posts" WHERE "posts"."id" = 2[0m
Redirected to http://localhost:3000/posts
Completed 302 Found in 94ms


Started GET "/posts" for 127.0.0.1 at Sat Mar 12 16:24:08 -0700 2011
  Processing by PostsController#index as HTML
  [1m[35mPost Load (0.5ms)[0m  SELECT "posts".* FROM "posts"
Rendered posts/index.html.erb within layouts/application (6.8ms)
Completed 200 OK in 22ms (Views: 12.9ms | ActiveRecord: 0.5ms)


Started GET "/posts" for 127.0.0.1 at Sat Mar 12 16:24:10 -0700 2011
  Processing by PostsController#index as HTML
  [1m[36mPost Load (0.5ms)[0m  [1mSELECT "posts".* FROM "posts"[0m
Rendered posts/index.html.erb within layouts/application (6.7ms)
Completed 200 OK in 23ms (Views: 12.6ms | ActiveRecord: 0.5ms)


Started GET "/posts/new" for 127.0.0.1 at Sat Mar 12 16:24:12 -0700 2011
  Processing by PostsController#new as HTML
Rendered tags/_form.html.erb (1.1ms)
Rendered posts/_form.html.erb (18.7ms)
Rendered posts/new.html.erb within layouts/application (22.6ms)
Completed 200 OK in 39ms (Views: 29.3ms | ActiveRecord: 0.0ms)
